{"numTotalTestSuites":1,"numPassedTestSuites":0,"numFailedTestSuites":1,"numPendingTestSuites":0,"numTotalTests":0,"numPassedTests":0,"numFailedTests":0,"numPendingTests":0,"numTodoTests":0,"startTime":1777500115132,"success":false,"testResults":[{"assertionResults":[],"startTime":1777500115132,"endTime":1777500115132,"status":"failed","message":"No test suite found in file D:/WorkSpace/CAutoGrade/frontend/src/__tests__/basic.test.ts","name":"D:/WorkSpace/CAutoGrade/frontend/src/__tests__/basic.test.ts"}]}